Determining if the include file execinfo.h exists failed with the following output:
Change Dir: /home/sarthak/Desktop/ORB-SLAM-Android/slam_ext/build.android/suitesparse/build/CMakeFiles/CMakeTmp

Run Build Command:"/usr/bin/make" "cmTC_1a2ce/fast"
/usr/bin/make -f CMakeFiles/cmTC_1a2ce.dir/build.make CMakeFiles/cmTC_1a2ce.dir/build
make[1]: Entering directory `/home/sarthak/Desktop/ORB-SLAM-Android/slam_ext/build.android/suitesparse/build/CMakeFiles/CMakeTmp'
Building C object CMakeFiles/cmTC_1a2ce.dir/CheckIncludeFile.c.o
/opt/android/ndk/android-ndk-r10e/toolchains/arm-linux-androideabi-4.9/prebuilt/linux-x86_64/bin/arm-linux-androideabi-gcc  -DANDROID -isystem /opt/android/ndk/android-ndk-r10e/platforms/android-19/arch-arm/usr/include -isystem /opt/android/ndk/android-ndk-r10e/sources/cxx-stl/gnu-libstdc++/4.9/include -isystem /opt/android/ndk/android-ndk-r10e/sources/cxx-stl/gnu-libstdc++/4.9/libs/armeabi-v7a/include -isystem /opt/android/ndk/android-ndk-r10e/sources/cxx-stl/gnu-libstdc++/4.9/include/backward  -fexceptions -Wno-psabi --sysroot=/opt/android/ndk/android-ndk-r10e/platforms/android-19/arch-arm -funwind-tables -finline-limit=64 -fsigned-char -no-canonical-prefixes -march=armv7-a -mfloat-abi=softfp -mfpu=neon -fdata-sections -ffunction-sections -Wa,--noexecstack  -O3 -mtune=generic-ARMv7-a -mfpu=neon  -fPIE   -o CMakeFiles/cmTC_1a2ce.dir/CheckIncludeFile.c.o   -c /home/sarthak/Desktop/ORB-SLAM-Android/slam_ext/build.android/suitesparse/build/CMakeFiles/CMakeTmp/CheckIncludeFile.c
/home/sarthak/Desktop/ORB-SLAM-Android/slam_ext/build.android/suitesparse/build/CMakeFiles/CMakeTmp/CheckIncludeFile.c:1:22: fatal error: execinfo.h: No such file or directory
 #include <execinfo.h>
                      ^
compilation terminated.
make[1]: *** [CMakeFiles/cmTC_1a2ce.dir/CheckIncludeFile.c.o] Error 1
make[1]: Leaving directory `/home/sarthak/Desktop/ORB-SLAM-Android/slam_ext/build.android/suitesparse/build/CMakeFiles/CMakeTmp'
make: *** [cmTC_1a2ce/fast] Error 2


Determining if the function getline exists failed with the following output:
Change Dir: /home/sarthak/Desktop/ORB-SLAM-Android/slam_ext/build.android/suitesparse/build/CMakeFiles/CMakeTmp

Run Build Command:"/usr/bin/make" "cmTC_b8880/fast"
/usr/bin/make -f CMakeFiles/cmTC_b8880.dir/build.make CMakeFiles/cmTC_b8880.dir/build
make[1]: Entering directory `/home/sarthak/Desktop/ORB-SLAM-Android/slam_ext/build.android/suitesparse/build/CMakeFiles/CMakeTmp'
Building C object CMakeFiles/cmTC_b8880.dir/CheckFunctionExists.c.o
/opt/android/ndk/android-ndk-r10e/toolchains/arm-linux-androideabi-4.9/prebuilt/linux-x86_64/bin/arm-linux-androideabi-gcc  -DANDROID -isystem /opt/android/ndk/android-ndk-r10e/platforms/android-19/arch-arm/usr/include -isystem /opt/android/ndk/android-ndk-r10e/sources/cxx-stl/gnu-libstdc++/4.9/include -isystem /opt/android/ndk/android-ndk-r10e/sources/cxx-stl/gnu-libstdc++/4.9/libs/armeabi-v7a/include -isystem /opt/android/ndk/android-ndk-r10e/sources/cxx-stl/gnu-libstdc++/4.9/include/backward  -fexceptions -Wno-psabi --sysroot=/opt/android/ndk/android-ndk-r10e/platforms/android-19/arch-arm -funwind-tables -finline-limit=64 -fsigned-char -no-canonical-prefixes -march=armv7-a -mfloat-abi=softfp -mfpu=neon -fdata-sections -ffunction-sections -Wa,--noexecstack  -O3 -mtune=generic-ARMv7-a -mfpu=neon -DCHECK_FUNCTION_EXISTS=getline -fPIE   -o CMakeFiles/cmTC_b8880.dir/CheckFunctionExists.c.o   -c /usr/local/share/cmake-3.6/Modules/CheckFunctionExists.c
Linking C executable cmTC_b8880
/usr/local/bin/cmake -E cmake_link_script CMakeFiles/cmTC_b8880.dir/link.txt --verbose=1
/opt/android/ndk/android-ndk-r10e/toolchains/arm-linux-androideabi-4.9/prebuilt/linux-x86_64/bin/arm-linux-androideabi-gcc  -fexceptions -Wno-psabi --sysroot=/opt/android/ndk/android-ndk-r10e/platforms/android-19/arch-arm -funwind-tables -finline-limit=64 -fsigned-char -no-canonical-prefixes -march=armv7-a -mfloat-abi=softfp -mfpu=neon -fdata-sections -ffunction-sections -Wa,--noexecstack  -O3 -mtune=generic-ARMv7-a -mfpu=neon -DCHECK_FUNCTION_EXISTS=getline   -Wl,--fix-cortex-a8 -Wl,--no-undefined -Wl,--gc-sections -Wl,-z,noexecstack -Wl,-z,relro -Wl,-z,now -Wl,-z,nocopyreloc -fPIE -pie  CMakeFiles/cmTC_b8880.dir/CheckFunctionExists.c.o -o cmTC_b8880  -L/libs/armeabi-v7a  -L/opt/android/ndk/android-ndk-r10e/platforms/android-19/arch-arm/usr/lib   "/opt/android/ndk/android-ndk-r10e/sources/cxx-stl/gnu-libstdc++/4.9/libs/armeabi-v7a/libsupc++.a"
CMakeFiles/cmTC_b8880.dir/CheckFunctionExists.c.o:CheckFunctionExists.c:function main: error: undefined reference to 'getline'
collect2: error: ld returned 1 exit status
make[1]: *** [cmTC_b8880] Error 1
make[1]: Leaving directory `/home/sarthak/Desktop/ORB-SLAM-Android/slam_ext/build.android/suitesparse/build/CMakeFiles/CMakeTmp'
make: *** [cmTC_b8880/fast] Error 2


Determining if the include file execinfo.h exists failed with the following output:
Change Dir: /home/sarthak/Desktop/ORB-SLAM-Android/slam_ext/build.android/suitesparse/build/CMakeFiles/CMakeTmp

Run Build Command:"/usr/bin/make" "cmTC_74d99/fast"
/usr/bin/make -f CMakeFiles/cmTC_74d99.dir/build.make CMakeFiles/cmTC_74d99.dir/build
make[1]: Entering directory `/home/sarthak/Desktop/ORB-SLAM-Android/slam_ext/build.android/suitesparse/build/CMakeFiles/CMakeTmp'
Building C object CMakeFiles/cmTC_74d99.dir/CheckIncludeFile.c.o
/opt/android/ndk/android-ndk-r10e/toolchains/arm-linux-androideabi-4.9/prebuilt/linux-x86_64/bin/arm-linux-androideabi-gcc  -DANDROID -isystem /opt/android/ndk/android-ndk-r10e/platforms/android-19/arch-arm/usr/include -isystem /opt/android/ndk/android-ndk-r10e/sources/cxx-stl/gnu-libstdc++/4.9/include -isystem /opt/android/ndk/android-ndk-r10e/sources/cxx-stl/gnu-libstdc++/4.9/libs/armeabi-v7a/include -isystem /opt/android/ndk/android-ndk-r10e/sources/cxx-stl/gnu-libstdc++/4.9/include/backward  -fexceptions -Wno-psabi --sysroot=/opt/android/ndk/android-ndk-r10e/platforms/android-19/arch-arm -funwind-tables -finline-limit=64 -fsigned-char -no-canonical-prefixes -march=armv7-a -mfloat-abi=softfp -mfpu=neon -fdata-sections -ffunction-sections -Wa,--noexecstack  -O3 -mtune=generic-ARMv7-a -mfpu=neon  -fPIE   -o CMakeFiles/cmTC_74d99.dir/CheckIncludeFile.c.o   -c /home/sarthak/Desktop/ORB-SLAM-Android/slam_ext/build.android/suitesparse/build/CMakeFiles/CMakeTmp/CheckIncludeFile.c
/home/sarthak/Desktop/ORB-SLAM-Android/slam_ext/build.android/suitesparse/build/CMakeFiles/CMakeTmp/CheckIncludeFile.c:1:22: fatal error: execinfo.h: No such file or directory
 #include <execinfo.h>
                      ^
compilation terminated.
make[1]: *** [CMakeFiles/cmTC_74d99.dir/CheckIncludeFile.c.o] Error 1
make[1]: Leaving directory `/home/sarthak/Desktop/ORB-SLAM-Android/slam_ext/build.android/suitesparse/build/CMakeFiles/CMakeTmp'
make: *** [cmTC_74d99/fast] Error 2


Determining if the function getline exists failed with the following output:
Change Dir: /home/sarthak/Desktop/ORB-SLAM-Android/slam_ext/build.android/suitesparse/build/CMakeFiles/CMakeTmp

Run Build Command:"/usr/bin/make" "cmTC_9c15c/fast"
/usr/bin/make -f CMakeFiles/cmTC_9c15c.dir/build.make CMakeFiles/cmTC_9c15c.dir/build
make[1]: Entering directory `/home/sarthak/Desktop/ORB-SLAM-Android/slam_ext/build.android/suitesparse/build/CMakeFiles/CMakeTmp'
Building C object CMakeFiles/cmTC_9c15c.dir/CheckFunctionExists.c.o
/opt/android/ndk/android-ndk-r10e/toolchains/arm-linux-androideabi-4.9/prebuilt/linux-x86_64/bin/arm-linux-androideabi-gcc  -DANDROID -isystem /opt/android/ndk/android-ndk-r10e/platforms/android-19/arch-arm/usr/include -isystem /opt/android/ndk/android-ndk-r10e/sources/cxx-stl/gnu-libstdc++/4.9/include -isystem /opt/android/ndk/android-ndk-r10e/sources/cxx-stl/gnu-libstdc++/4.9/libs/armeabi-v7a/include -isystem /opt/android/ndk/android-ndk-r10e/sources/cxx-stl/gnu-libstdc++/4.9/include/backward  -fexceptions -Wno-psabi --sysroot=/opt/android/ndk/android-ndk-r10e/platforms/android-19/arch-arm -funwind-tables -finline-limit=64 -fsigned-char -no-canonical-prefixes -march=armv7-a -mfloat-abi=softfp -mfpu=neon -fdata-sections -ffunction-sections -Wa,--noexecstack  -O3 -mtune=generic-ARMv7-a -mfpu=neon -DCHECK_FUNCTION_EXISTS=getline -fPIE   -o CMakeFiles/cmTC_9c15c.dir/CheckFunctionExists.c.o   -c /usr/local/share/cmake-3.6/Modules/CheckFunctionExists.c
Linking C executable cmTC_9c15c
/usr/local/bin/cmake -E cmake_link_script CMakeFiles/cmTC_9c15c.dir/link.txt --verbose=1
/opt/android/ndk/android-ndk-r10e/toolchains/arm-linux-androideabi-4.9/prebuilt/linux-x86_64/bin/arm-linux-androideabi-gcc  -fexceptions -Wno-psabi --sysroot=/opt/android/ndk/android-ndk-r10e/platforms/android-19/arch-arm -funwind-tables -finline-limit=64 -fsigned-char -no-canonical-prefixes -march=armv7-a -mfloat-abi=softfp -mfpu=neon -fdata-sections -ffunction-sections -Wa,--noexecstack  -O3 -mtune=generic-ARMv7-a -mfpu=neon -DCHECK_FUNCTION_EXISTS=getline   -Wl,--fix-cortex-a8 -Wl,--no-undefined -Wl,--gc-sections -Wl,-z,noexecstack -Wl,-z,relro -Wl,-z,now -Wl,-z,nocopyreloc -fPIE -pie  CMakeFiles/cmTC_9c15c.dir/CheckFunctionExists.c.o -o cmTC_9c15c  -L/libs/armeabi-v7a  -L/opt/android/ndk/android-ndk-r10e/platforms/android-19/arch-arm/usr/lib   "/opt/android/ndk/android-ndk-r10e/sources/cxx-stl/gnu-libstdc++/4.9/libs/armeabi-v7a/libsupc++.a"
CMakeFiles/cmTC_9c15c.dir/CheckFunctionExists.c.o:CheckFunctionExists.c:function main: error: undefined reference to 'getline'
collect2: error: ld returned 1 exit status
make[1]: *** [cmTC_9c15c] Error 1
make[1]: Leaving directory `/home/sarthak/Desktop/ORB-SLAM-Android/slam_ext/build.android/suitesparse/build/CMakeFiles/CMakeTmp'
make: *** [cmTC_9c15c/fast] Error 2


Determining if the include file execinfo.h exists failed with the following output:
Change Dir: /home/sarthak/Desktop/ORB-SLAM-Android/slam_ext/build.android/suitesparse/build/CMakeFiles/CMakeTmp

Run Build Command:"/usr/bin/make" "cmTC_3b927/fast"
/usr/bin/make -f CMakeFiles/cmTC_3b927.dir/build.make CMakeFiles/cmTC_3b927.dir/build
make[1]: Entering directory `/home/sarthak/Desktop/ORB-SLAM-Android/slam_ext/build.android/suitesparse/build/CMakeFiles/CMakeTmp'
Building C object CMakeFiles/cmTC_3b927.dir/CheckIncludeFile.c.o
/opt/android/ndk/android-ndk-r10e/toolchains/arm-linux-androideabi-4.9/prebuilt/linux-x86_64/bin/arm-linux-androideabi-gcc  -DANDROID -isystem /opt/android/ndk/android-ndk-r10e/platforms/android-19/arch-arm/usr/include -isystem /opt/android/ndk/android-ndk-r10e/sources/cxx-stl/gnu-libstdc++/4.9/include -isystem /opt/android/ndk/android-ndk-r10e/sources/cxx-stl/gnu-libstdc++/4.9/libs/armeabi-v7a/include -isystem /opt/android/ndk/android-ndk-r10e/sources/cxx-stl/gnu-libstdc++/4.9/include/backward  -fexceptions -Wno-psabi --sysroot=/opt/android/ndk/android-ndk-r10e/platforms/android-19/arch-arm -funwind-tables -finline-limit=64 -fsigned-char -no-canonical-prefixes -march=armv7-a -mfloat-abi=softfp -mfpu=neon -fdata-sections -ffunction-sections -Wa,--noexecstack  -O3 -mtune=generic-ARMv7-a -mfpu=neon  -fPIE   -o CMakeFiles/cmTC_3b927.dir/CheckIncludeFile.c.o   -c /home/sarthak/Desktop/ORB-SLAM-Android/slam_ext/build.android/suitesparse/build/CMakeFiles/CMakeTmp/CheckIncludeFile.c
/home/sarthak/Desktop/ORB-SLAM-Android/slam_ext/build.android/suitesparse/build/CMakeFiles/CMakeTmp/CheckIncludeFile.c:1:22: fatal error: execinfo.h: No such file or directory
 #include <execinfo.h>
                      ^
compilation terminated.
make[1]: *** [CMakeFiles/cmTC_3b927.dir/CheckIncludeFile.c.o] Error 1
make[1]: Leaving directory `/home/sarthak/Desktop/ORB-SLAM-Android/slam_ext/build.android/suitesparse/build/CMakeFiles/CMakeTmp'
make: *** [cmTC_3b927/fast] Error 2


Determining if the function getline exists failed with the following output:
Change Dir: /home/sarthak/Desktop/ORB-SLAM-Android/slam_ext/build.android/suitesparse/build/CMakeFiles/CMakeTmp

Run Build Command:"/usr/bin/make" "cmTC_bb622/fast"
/usr/bin/make -f CMakeFiles/cmTC_bb622.dir/build.make CMakeFiles/cmTC_bb622.dir/build
make[1]: Entering directory `/home/sarthak/Desktop/ORB-SLAM-Android/slam_ext/build.android/suitesparse/build/CMakeFiles/CMakeTmp'
Building C object CMakeFiles/cmTC_bb622.dir/CheckFunctionExists.c.o
/opt/android/ndk/android-ndk-r10e/toolchains/arm-linux-androideabi-4.9/prebuilt/linux-x86_64/bin/arm-linux-androideabi-gcc  -DANDROID -isystem /opt/android/ndk/android-ndk-r10e/platforms/android-19/arch-arm/usr/include -isystem /opt/android/ndk/android-ndk-r10e/sources/cxx-stl/gnu-libstdc++/4.9/include -isystem /opt/android/ndk/android-ndk-r10e/sources/cxx-stl/gnu-libstdc++/4.9/libs/armeabi-v7a/include -isystem /opt/android/ndk/android-ndk-r10e/sources/cxx-stl/gnu-libstdc++/4.9/include/backward  -fexceptions -Wno-psabi --sysroot=/opt/android/ndk/android-ndk-r10e/platforms/android-19/arch-arm -funwind-tables -finline-limit=64 -fsigned-char -no-canonical-prefixes -march=armv7-a -mfloat-abi=softfp -mfpu=neon -fdata-sections -ffunction-sections -Wa,--noexecstack  -O3 -mtune=generic-ARMv7-a -mfpu=neon -DCHECK_FUNCTION_EXISTS=getline -fPIE   -o CMakeFiles/cmTC_bb622.dir/CheckFunctionExists.c.o   -c /usr/local/share/cmake-3.6/Modules/CheckFunctionExists.c
Linking C executable cmTC_bb622
/usr/local/bin/cmake -E cmake_link_script CMakeFiles/cmTC_bb622.dir/link.txt --verbose=1
/opt/android/ndk/android-ndk-r10e/toolchains/arm-linux-androideabi-4.9/prebuilt/linux-x86_64/bin/arm-linux-androideabi-gcc  -fexceptions -Wno-psabi --sysroot=/opt/android/ndk/android-ndk-r10e/platforms/android-19/arch-arm -funwind-tables -finline-limit=64 -fsigned-char -no-canonical-prefixes -march=armv7-a -mfloat-abi=softfp -mfpu=neon -fdata-sections -ffunction-sections -Wa,--noexecstack  -O3 -mtune=generic-ARMv7-a -mfpu=neon -DCHECK_FUNCTION_EXISTS=getline   -Wl,--fix-cortex-a8 -Wl,--no-undefined -Wl,--gc-sections -Wl,-z,noexecstack -Wl,-z,relro -Wl,-z,now -Wl,-z,nocopyreloc -fPIE -pie  CMakeFiles/cmTC_bb622.dir/CheckFunctionExists.c.o -o cmTC_bb622  -L/libs/armeabi-v7a  -L/opt/android/ndk/android-ndk-r10e/platforms/android-19/arch-arm/usr/lib   "/opt/android/ndk/android-ndk-r10e/sources/cxx-stl/gnu-libstdc++/4.9/libs/armeabi-v7a/libsupc++.a"
CMakeFiles/cmTC_bb622.dir/CheckFunctionExists.c.o:CheckFunctionExists.c:function main: error: undefined reference to 'getline'
collect2: error: ld returned 1 exit status
make[1]: *** [cmTC_bb622] Error 1
make[1]: Leaving directory `/home/sarthak/Desktop/ORB-SLAM-Android/slam_ext/build.android/suitesparse/build/CMakeFiles/CMakeTmp'
make: *** [cmTC_bb622/fast] Error 2


